Arguments: 
  /Users/scott.schottler/.nvm/versions/node/v12.13.0/bin/node /usr/local/Cellar/yarn/1.13.0/libexec/bin/yarn.js

PATH: 
  /Users/scott.schottler/.nvm/versions/node/v12.13.0/bin:/Users/scott.schottler/.nvm/versions/node/v11.8.0/bin:/usr/local/bin:/usr/bin:/bin:/usr/sbin:/sbin:/Users/scott.schottler/.nvm/versions/node/v11.8.0/bin

Yarn version: 
  1.13.0

Node version: 
  12.13.0

Platform: 
  darwin x64

Trace: 
  Error: ENOENT: no such file or directory, lstat '/Users/scott.schottler/code/learning/themed-styled-components-package/shared-components/node_modules/react-scripts/node_modules/@babel/plugin-syntax-object-rest-spread'

npm manifest: 
  {
    "name": "shared-components-example",
    "homepage": "https://sschottler.github.io/shared-components",
    "version": "0.0.0",
    "private": true,
    "dependencies": {
      "react": "link:../node_modules/react",
      "react-dom": "link:../node_modules/react-dom",
      "react-scripts": "link:../node_modules/react-scripts",
      "shared-components": "link:.."
    },
    "scripts": {
      "start": "node ../node_modules/react-scripts/bin/react-scripts.js start",
      "build": "node ../node_modules/react-scripts/bin/react-scripts.js build",
      "test": "node ../node_modules/react-scripts/bin/react-scripts.js test",
      "eject": "node ../node_modules/react-scripts/bin/react-scripts.js eject"
    },
    "eslintConfig": {
      "extends": "react-app"
    },
    "browserslist": [
      ">0.2%",
      "not dead",
      "not ie <= 11",
      "not op_mini all"
    ]
  }

yarn manifest: 
  No manifest

Lockfile: 
  No lockfile
